[debug] [2017-12-12T07:21:06.156Z] ----------------------------------------------------------------------
[debug] [2017-12-12T07:21:06.159Z] Command:       C:\Program Files\nodejs\node.exe C:\Users\Abdullah\AppData\Roaming\npm\node_modules\firebase-tools\bin\firebase deploy --only functions
[debug] [2017-12-12T07:21:06.159Z] CLI Version:   3.16.0
[debug] [2017-12-12T07:21:06.159Z] Platform:      win32
[debug] [2017-12-12T07:21:06.159Z] Node Version:  v8.9.1
[debug] [2017-12-12T07:21:06.159Z] Time:          Tue Dec 12 2017 10:21:06 GMT+0300 (Arab Standard Time)
[debug] [2017-12-12T07:21:06.159Z] ----------------------------------------------------------------------
[debug] 
[debug] [2017-12-12T07:21:06.169Z] > command requires scopes: ["email","openid","https://www.googleapis.com/auth/cloudplatformprojects.readonly","https://www.googleapis.com/auth/firebase","https://www.googleapis.com/auth/cloud-platform"]
[debug] [2017-12-12T07:21:06.169Z] > authorizing via signed-in user
[debug] [2017-12-12T07:21:06.171Z] >>> HTTP REQUEST GET https://admin.firebase.com/v1/projects/xfab-downtime  
  
 Tue Dec 12 2017 10:21:06 GMT+0300 (Arab Standard Time)
[debug] [2017-12-12T07:21:07.463Z] <<< HTTP RESPONSE 200
[debug] [2017-12-12T07:21:07.464Z] >>> HTTP REQUEST GET https://admin.firebase.com/v1/database/xfab-downtime/tokens  
  
 Tue Dec 12 2017 10:21:07 GMT+0300 (Arab Standard Time)
[debug] [2017-12-12T07:21:35.565Z] <<< HTTP RESPONSE 200
[info] 
[info] === Deploying to 'xfab-downtime'...
[info] 
[info] i  deploying functions
[debug] [2017-12-12T07:21:37.654Z] > [functions] package.json contents: {
  "name": "functions",
  "description": "Cloud Functions for Firebase",
  "scripts": {
    "serve": "firebase serve --only functions",
    "shell": "firebase experimental:functions:shell",
    "start": "npm run shell",
    "deploy": "firebase deploy --only functions",
    "logs": "firebase functions:log"
  },
  "dependencies": {
    "cookie-parser": "^1.4.3",
    "cors": "^2.8.4",
    "express": "^4.15.2",
    "firebase-admin": "~5.4.2",
    "firebase-functions": "^0.7.1"
  },
  "private": true
}
[info] i  functions: ensuring necessary APIs are enabled...
[debug] [2017-12-12T07:21:37.656Z] >>> HTTP REQUEST GET https://servicemanagement.googleapis.com/v1/services/cloudfunctions.googleapis.com/projectSettings/xfab-downtime?view=CONSUMER_VIEW  
  
 Tue Dec 12 2017 10:21:37 GMT+0300 (Arab Standard Time)
[debug] [2017-12-12T07:21:37.656Z] >>> HTTP REQUEST GET https://servicemanagement.googleapis.com/v1/services/runtimeconfig.googleapis.com/projectSettings/xfab-downtime?view=CONSUMER_VIEW  
  
 Tue Dec 12 2017 10:21:37 GMT+0300 (Arab Standard Time)
[debug] [2017-12-12T07:21:39.140Z] <<< HTTP RESPONSE 200
[debug] [2017-12-12T07:21:39.337Z] <<< HTTP RESPONSE 200
[info] +  functions: all necessary APIs are enabled
[debug] [2017-12-12T07:21:39.339Z] >>> HTTP REQUEST GET https://appengine.googleapis.com/v1/apps/xfab-downtime  
  
 Tue Dec 12 2017 10:21:39 GMT+0300 (Arab Standard Time)
[debug] [2017-12-12T07:21:39.339Z] >>> HTTP REQUEST GET https://apikeys.googleapis.com/v1/projects/xfab-downtime/apiKeys  
  
 Tue Dec 12 2017 10:21:39 GMT+0300 (Arab Standard Time)
[debug] [2017-12-12T07:21:40.716Z] <<< HTTP RESPONSE 200
[debug] [2017-12-12T07:21:40.775Z] <<< HTTP RESPONSE 200
[info] i  functions: preparing functions directory for uploading...
[debug] [2017-12-12T07:21:54.587Z] >>> HTTP REQUEST GET https://runtimeconfig.googleapis.com/v1beta1/projects/xfab-downtime/configs  
  
 Tue Dec 12 2017 10:21:54 GMT+0300 (Arab Standard Time)
[debug] [2017-12-12T07:21:55.337Z] <<< HTTP RESPONSE 200
[info] i  functions: packaged functions (62.18 KB) for uploading
[debug] [2017-12-12T07:22:06.262Z] >>> HTTP REQUEST GET https://www.googleapis.com/storage/v1/b/staging.xfab-downtime.appspot.com  
  
 Tue Dec 12 2017 10:22:06 GMT+0300 (Arab Standard Time)
[debug] [2017-12-12T07:22:07.013Z] <<< HTTP RESPONSE 200
[debug] [2017-12-12T07:22:07.014Z] >>> HTTP REQUEST POST https://www.googleapis.com/upload/storage/v1/b/staging.xfab-downtime.appspot.com/o?uploadType=media&name=firebase-functions-source  
 ReadStream {
  _readableState: 
   ReadableState {
     objectMode: false,
     highWaterMark: 65536,
     buffer: BufferList { head: [Object], tail: [Object], length: 1 },
     length: 63671,
     pipes: null,
     pipesCount: 0,
     flowing: null,
     ended: true,
     endEmitted: false,
     reading: false,
     sync: false,
     needReadable: false,
     emittedReadable: true,
     readableListening: false,
     resumeScheduled: false,
     destroyed: false,
     defaultEncoding: 'utf8',
     awaitDrain: 0,
     readingMore: false,
     decoder: null,
     encoding: null },
  readable: true,
  domain: null,
  _events: { end: [Function] },
  _eventsCount: 1,
  _maxListeners: undefined,
  path: 'C:\\Users\\Abdullah\\AppData\\Local\\Temp\\firebase-functions-2432x07kJ9tvkW17.zip',
  fd: 5,
  flags: 'r',
  mode: 438,
  start: undefined,
  end: undefined,
  autoClose: true,
  pos: undefined,
  bytesRead: 63671 } 
 Tue Dec 12 2017 10:22:07 GMT+0300 (Arab Standard Time)
[debug] [2017-12-12T07:22:08.512Z] <<< HTTP RESPONSE 200
[info] +  functions: functions folder uploaded successfully
[debug] [2017-12-12T07:22:08.514Z] >>> HTTP REQUEST GET https://cloudfunctions.googleapis.com/v1/projects/xfab-downtime/locations/us-central1/functions  
  
 Tue Dec 12 2017 10:22:08 GMT+0300 (Arab Standard Time)
[debug] [2017-12-12T07:22:09.258Z] <<< HTTP RESPONSE 200
[info] i  functions: creating function hello2...
[debug] [2017-12-12T07:22:09.261Z] Trigger is:  {"httpsTrigger":{}}
[info] i  functions: deleting function hello1...
[debug] [2017-12-12T07:22:09.263Z] >>> HTTP REQUEST POST https://cloudfunctions.googleapis.com/v1/projects/xfab-downtime/locations/us-central1/functions  
 { sourceArchiveUrl: 'gs://staging.xfab-downtime.appspot.com/firebase-functions-source',
  name: 'projects/xfab-downtime/locations/us-central1/functions/hello2',
  entryPoint: 'hello2',
  labels: { 'deployment-tool': 'cli-firebase' },
  httpsTrigger: {} } 
 Tue Dec 12 2017 10:22:09 GMT+0300 (Arab Standard Time)
[debug] [2017-12-12T07:22:09.264Z] >>> HTTP REQUEST DELETE https://cloudfunctions.googleapis.com/v1/projects/xfab-downtime/locations/us-central1/functions/hello1  
  
 Tue Dec 12 2017 10:22:09 GMT+0300 (Arab Standard Time)
[debug] [2017-12-12T07:22:09.884Z] <<< HTTP RESPONSE 200
[debug] [2017-12-12T07:22:09.907Z] <<< HTTP RESPONSE 200
[debug] [2017-12-12T07:22:09.908Z] >>> HTTP REQUEST GET https://cloudfunctions.googleapis.com/v1/projects/xfab-downtime/locations/us-central1/functions  
  
 Tue Dec 12 2017 10:22:09 GMT+0300 (Arab Standard Time)
[debug] [2017-12-12T07:22:10.514Z] <<< HTTP RESPONSE 200
[debug] [2017-12-12T07:22:10.515Z] >>> HTTP REQUEST GET https://cloudfunctions.googleapis.com/v1/operations/eGZhYi1kb3dudGltZS91cy1jZW50cmFsMS9oZWxsbzIvaWxKSm00ZWFEQ2c  
  
 Tue Dec 12 2017 10:22:10 GMT+0300 (Arab Standard Time)
[debug] [2017-12-12T07:22:10.516Z] >>> HTTP REQUEST GET https://cloudfunctions.googleapis.com/v1/operations/eGZhYi1kb3dudGltZS91cy1jZW50cmFsMS9oZWxsbzEvbmNsV01ZWnVrZFk  
  
 Tue Dec 12 2017 10:22:10 GMT+0300 (Arab Standard Time)
[debug] [2017-12-12T07:22:11.094Z] <<< HTTP RESPONSE 200
[debug] [2017-12-12T07:22:11.153Z] <<< HTTP RESPONSE 200
[debug] [2017-12-12T07:22:13.095Z] >>> HTTP REQUEST GET https://cloudfunctions.googleapis.com/v1/operations/eGZhYi1kb3dudGltZS91cy1jZW50cmFsMS9oZWxsbzIvaWxKSm00ZWFEQ2c  
  
 Tue Dec 12 2017 10:22:13 GMT+0300 (Arab Standard Time)
[debug] [2017-12-12T07:22:13.153Z] >>> HTTP REQUEST GET https://cloudfunctions.googleapis.com/v1/operations/eGZhYi1kb3dudGltZS91cy1jZW50cmFsMS9oZWxsbzEvbmNsV01ZWnVrZFk  
  
 Tue Dec 12 2017 10:22:13 GMT+0300 (Arab Standard Time)
[debug] [2017-12-12T07:22:13.665Z] <<< HTTP RESPONSE 200
[debug] [2017-12-12T07:22:13.722Z] <<< HTTP RESPONSE 200
[debug] [2017-12-12T07:22:15.667Z] >>> HTTP REQUEST GET https://cloudfunctions.googleapis.com/v1/operations/eGZhYi1kb3dudGltZS91cy1jZW50cmFsMS9oZWxsbzIvaWxKSm00ZWFEQ2c  
  
 Tue Dec 12 2017 10:22:15 GMT+0300 (Arab Standard Time)
[debug] [2017-12-12T07:22:15.723Z] >>> HTTP REQUEST GET https://cloudfunctions.googleapis.com/v1/operations/eGZhYi1kb3dudGltZS91cy1jZW50cmFsMS9oZWxsbzEvbmNsV01ZWnVrZFk  
  
 Tue Dec 12 2017 10:22:15 GMT+0300 (Arab Standard Time)
[debug] [2017-12-12T07:22:16.226Z] <<< HTTP RESPONSE 200
[debug] [2017-12-12T07:22:16.295Z] <<< HTTP RESPONSE 200
[info] +  functions[hello1]: Successful delete operation. 
[debug] [2017-12-12T07:22:18.226Z] >>> HTTP REQUEST GET https://cloudfunctions.googleapis.com/v1/operations/eGZhYi1kb3dudGltZS91cy1jZW50cmFsMS9oZWxsbzIvaWxKSm00ZWFEQ2c  
  
 Tue Dec 12 2017 10:22:18 GMT+0300 (Arab Standard Time)
[debug] [2017-12-12T07:22:18.796Z] <<< HTTP RESPONSE 200
[debug] [2017-12-12T07:22:20.797Z] >>> HTTP REQUEST GET https://cloudfunctions.googleapis.com/v1/operations/eGZhYi1kb3dudGltZS91cy1jZW50cmFsMS9oZWxsbzIvaWxKSm00ZWFEQ2c  
  
 Tue Dec 12 2017 10:22:20 GMT+0300 (Arab Standard Time)
[debug] [2017-12-12T07:22:21.390Z] <<< HTTP RESPONSE 200
[debug] [2017-12-12T07:22:23.391Z] >>> HTTP REQUEST GET https://cloudfunctions.googleapis.com/v1/operations/eGZhYi1kb3dudGltZS91cy1jZW50cmFsMS9oZWxsbzIvaWxKSm00ZWFEQ2c  
  
 Tue Dec 12 2017 10:22:23 GMT+0300 (Arab Standard Time)
[debug] [2017-12-12T07:22:23.968Z] <<< HTTP RESPONSE 200
[debug] [2017-12-12T07:22:25.969Z] >>> HTTP REQUEST GET https://cloudfunctions.googleapis.com/v1/operations/eGZhYi1kb3dudGltZS91cy1jZW50cmFsMS9oZWxsbzIvaWxKSm00ZWFEQ2c  
  
 Tue Dec 12 2017 10:22:25 GMT+0300 (Arab Standard Time)
[debug] [2017-12-12T07:22:26.546Z] <<< HTTP RESPONSE 200
[debug] [2017-12-12T07:22:28.547Z] >>> HTTP REQUEST GET https://cloudfunctions.googleapis.com/v1/operations/eGZhYi1kb3dudGltZS91cy1jZW50cmFsMS9oZWxsbzIvaWxKSm00ZWFEQ2c  
  
 Tue Dec 12 2017 10:22:28 GMT+0300 (Arab Standard Time)
[debug] [2017-12-12T07:22:29.114Z] <<< HTTP RESPONSE 200
[debug] [2017-12-12T07:22:31.115Z] >>> HTTP REQUEST GET https://cloudfunctions.googleapis.com/v1/operations/eGZhYi1kb3dudGltZS91cy1jZW50cmFsMS9oZWxsbzIvaWxKSm00ZWFEQ2c  
  
 Tue Dec 12 2017 10:22:31 GMT+0300 (Arab Standard Time)
[debug] [2017-12-12T07:22:31.684Z] <<< HTTP RESPONSE 200
[debug] [2017-12-12T07:22:33.686Z] >>> HTTP REQUEST GET https://cloudfunctions.googleapis.com/v1/operations/eGZhYi1kb3dudGltZS91cy1jZW50cmFsMS9oZWxsbzIvaWxKSm00ZWFEQ2c  
  
 Tue Dec 12 2017 10:22:33 GMT+0300 (Arab Standard Time)
[debug] [2017-12-12T07:22:34.255Z] <<< HTTP RESPONSE 200
[debug] [2017-12-12T07:22:36.256Z] >>> HTTP REQUEST GET https://cloudfunctions.googleapis.com/v1/operations/eGZhYi1kb3dudGltZS91cy1jZW50cmFsMS9oZWxsbzIvaWxKSm00ZWFEQ2c  
  
 Tue Dec 12 2017 10:22:36 GMT+0300 (Arab Standard Time)
[debug] [2017-12-12T07:22:36.843Z] <<< HTTP RESPONSE 200
[debug] [2017-12-12T07:22:38.843Z] >>> HTTP REQUEST GET https://cloudfunctions.googleapis.com/v1/operations/eGZhYi1kb3dudGltZS91cy1jZW50cmFsMS9oZWxsbzIvaWxKSm00ZWFEQ2c  
  
 Tue Dec 12 2017 10:22:38 GMT+0300 (Arab Standard Time)
[debug] [2017-12-12T07:22:39.416Z] <<< HTTP RESPONSE 200
[debug] [2017-12-12T07:22:41.416Z] >>> HTTP REQUEST GET https://cloudfunctions.googleapis.com/v1/operations/eGZhYi1kb3dudGltZS91cy1jZW50cmFsMS9oZWxsbzIvaWxKSm00ZWFEQ2c  
  
 Tue Dec 12 2017 10:22:41 GMT+0300 (Arab Standard Time)
[debug] [2017-12-12T07:22:42.009Z] <<< HTTP RESPONSE 200
[debug] [2017-12-12T07:22:44.009Z] >>> HTTP REQUEST GET https://cloudfunctions.googleapis.com/v1/operations/eGZhYi1kb3dudGltZS91cy1jZW50cmFsMS9oZWxsbzIvaWxKSm00ZWFEQ2c  
  
 Tue Dec 12 2017 10:22:44 GMT+0300 (Arab Standard Time)
[debug] [2017-12-12T07:22:44.554Z] <<< HTTP RESPONSE 200
[debug] [2017-12-12T07:22:46.554Z] >>> HTTP REQUEST GET https://cloudfunctions.googleapis.com/v1/operations/eGZhYi1kb3dudGltZS91cy1jZW50cmFsMS9oZWxsbzIvaWxKSm00ZWFEQ2c  
  
 Tue Dec 12 2017 10:22:46 GMT+0300 (Arab Standard Time)
[debug] [2017-12-12T07:22:47.131Z] <<< HTTP RESPONSE 200
[debug] [2017-12-12T07:22:49.132Z] >>> HTTP REQUEST GET https://cloudfunctions.googleapis.com/v1/operations/eGZhYi1kb3dudGltZS91cy1jZW50cmFsMS9oZWxsbzIvaWxKSm00ZWFEQ2c  
  
 Tue Dec 12 2017 10:22:49 GMT+0300 (Arab Standard Time)
[debug] [2017-12-12T07:22:49.696Z] <<< HTTP RESPONSE 200
[debug] [2017-12-12T07:22:51.698Z] >>> HTTP REQUEST GET https://cloudfunctions.googleapis.com/v1/operations/eGZhYi1kb3dudGltZS91cy1jZW50cmFsMS9oZWxsbzIvaWxKSm00ZWFEQ2c  
  
 Tue Dec 12 2017 10:22:51 GMT+0300 (Arab Standard Time)
[debug] [2017-12-12T07:22:52.258Z] <<< HTTP RESPONSE 200
[debug] [2017-12-12T07:22:54.259Z] >>> HTTP REQUEST GET https://cloudfunctions.googleapis.com/v1/operations/eGZhYi1kb3dudGltZS91cy1jZW50cmFsMS9oZWxsbzIvaWxKSm00ZWFEQ2c  
  
 Tue Dec 12 2017 10:22:54 GMT+0300 (Arab Standard Time)
[debug] [2017-12-12T07:22:54.832Z] <<< HTTP RESPONSE 200
[debug] [2017-12-12T07:22:56.833Z] >>> HTTP REQUEST GET https://cloudfunctions.googleapis.com/v1/operations/eGZhYi1kb3dudGltZS91cy1jZW50cmFsMS9oZWxsbzIvaWxKSm00ZWFEQ2c  
  
 Tue Dec 12 2017 10:22:56 GMT+0300 (Arab Standard Time)
[debug] [2017-12-12T07:22:57.406Z] <<< HTTP RESPONSE 200
[debug] [2017-12-12T07:22:59.407Z] >>> HTTP REQUEST GET https://cloudfunctions.googleapis.com/v1/operations/eGZhYi1kb3dudGltZS91cy1jZW50cmFsMS9oZWxsbzIvaWxKSm00ZWFEQ2c  
  
 Tue Dec 12 2017 10:22:59 GMT+0300 (Arab Standard Time)
[debug] [2017-12-12T07:22:59.974Z] <<< HTTP RESPONSE 200
[debug] [2017-12-12T07:23:01.974Z] >>> HTTP REQUEST GET https://cloudfunctions.googleapis.com/v1/operations/eGZhYi1kb3dudGltZS91cy1jZW50cmFsMS9oZWxsbzIvaWxKSm00ZWFEQ2c  
  
 Tue Dec 12 2017 10:23:01 GMT+0300 (Arab Standard Time)
[debug] [2017-12-12T07:23:02.549Z] <<< HTTP RESPONSE 200
[debug] [2017-12-12T07:23:04.550Z] >>> HTTP REQUEST GET https://cloudfunctions.googleapis.com/v1/operations/eGZhYi1kb3dudGltZS91cy1jZW50cmFsMS9oZWxsbzIvaWxKSm00ZWFEQ2c  
  
 Tue Dec 12 2017 10:23:04 GMT+0300 (Arab Standard Time)
[debug] [2017-12-12T07:23:05.130Z] <<< HTTP RESPONSE 200
[debug] [2017-12-12T07:23:07.130Z] >>> HTTP REQUEST GET https://cloudfunctions.googleapis.com/v1/operations/eGZhYi1kb3dudGltZS91cy1jZW50cmFsMS9oZWxsbzIvaWxKSm00ZWFEQ2c  
  
 Tue Dec 12 2017 10:23:07 GMT+0300 (Arab Standard Time)
[debug] [2017-12-12T07:23:07.707Z] <<< HTTP RESPONSE 200
[debug] [2017-12-12T07:23:09.708Z] >>> HTTP REQUEST GET https://cloudfunctions.googleapis.com/v1/operations/eGZhYi1kb3dudGltZS91cy1jZW50cmFsMS9oZWxsbzIvaWxKSm00ZWFEQ2c  
  
 Tue Dec 12 2017 10:23:09 GMT+0300 (Arab Standard Time)
[debug] [2017-12-12T07:23:10.278Z] <<< HTTP RESPONSE 200
[debug] [2017-12-12T07:23:12.278Z] >>> HTTP REQUEST GET https://cloudfunctions.googleapis.com/v1/operations/eGZhYi1kb3dudGltZS91cy1jZW50cmFsMS9oZWxsbzIvaWxKSm00ZWFEQ2c  
  
 Tue Dec 12 2017 10:23:12 GMT+0300 (Arab Standard Time)
[debug] [2017-12-12T07:23:12.851Z] <<< HTTP RESPONSE 200
[debug] [2017-12-12T07:23:14.852Z] >>> HTTP REQUEST GET https://cloudfunctions.googleapis.com/v1/operations/eGZhYi1kb3dudGltZS91cy1jZW50cmFsMS9oZWxsbzIvaWxKSm00ZWFEQ2c  
  
 Tue Dec 12 2017 10:23:14 GMT+0300 (Arab Standard Time)
[debug] [2017-12-12T07:23:15.418Z] <<< HTTP RESPONSE 200
[debug] [2017-12-12T07:23:17.419Z] >>> HTTP REQUEST GET https://cloudfunctions.googleapis.com/v1/operations/eGZhYi1kb3dudGltZS91cy1jZW50cmFsMS9oZWxsbzIvaWxKSm00ZWFEQ2c  
  
 Tue Dec 12 2017 10:23:17 GMT+0300 (Arab Standard Time)
[debug] [2017-12-12T07:23:17.980Z] <<< HTTP RESPONSE 200
[debug] [2017-12-12T07:23:19.981Z] >>> HTTP REQUEST GET https://cloudfunctions.googleapis.com/v1/operations/eGZhYi1kb3dudGltZS91cy1jZW50cmFsMS9oZWxsbzIvaWxKSm00ZWFEQ2c  
  
 Tue Dec 12 2017 10:23:19 GMT+0300 (Arab Standard Time)
[debug] [2017-12-12T07:23:20.547Z] <<< HTTP RESPONSE 200
[debug] [2017-12-12T07:23:22.548Z] >>> HTTP REQUEST GET https://cloudfunctions.googleapis.com/v1/operations/eGZhYi1kb3dudGltZS91cy1jZW50cmFsMS9oZWxsbzIvaWxKSm00ZWFEQ2c  
  
 Tue Dec 12 2017 10:23:22 GMT+0300 (Arab Standard Time)
[debug] [2017-12-12T07:23:23.133Z] <<< HTTP RESPONSE 200
[debug] [2017-12-12T07:23:25.134Z] >>> HTTP REQUEST GET https://cloudfunctions.googleapis.com/v1/operations/eGZhYi1kb3dudGltZS91cy1jZW50cmFsMS9oZWxsbzIvaWxKSm00ZWFEQ2c  
  
 Tue Dec 12 2017 10:23:25 GMT+0300 (Arab Standard Time)
[debug] [2017-12-12T07:23:25.711Z] <<< HTTP RESPONSE 200
[debug] [2017-12-12T07:23:27.712Z] >>> HTTP REQUEST GET https://cloudfunctions.googleapis.com/v1/operations/eGZhYi1kb3dudGltZS91cy1jZW50cmFsMS9oZWxsbzIvaWxKSm00ZWFEQ2c  
  
 Tue Dec 12 2017 10:23:27 GMT+0300 (Arab Standard Time)
[debug] [2017-12-12T07:23:28.275Z] <<< HTTP RESPONSE 200
[debug] [2017-12-12T07:23:30.275Z] >>> HTTP REQUEST GET https://cloudfunctions.googleapis.com/v1/operations/eGZhYi1kb3dudGltZS91cy1jZW50cmFsMS9oZWxsbzIvaWxKSm00ZWFEQ2c  
  
 Tue Dec 12 2017 10:23:30 GMT+0300 (Arab Standard Time)
[debug] [2017-12-12T07:23:30.843Z] <<< HTTP RESPONSE 200
[debug] [2017-12-12T07:23:32.844Z] >>> HTTP REQUEST GET https://cloudfunctions.googleapis.com/v1/operations/eGZhYi1kb3dudGltZS91cy1jZW50cmFsMS9oZWxsbzIvaWxKSm00ZWFEQ2c  
  
 Tue Dec 12 2017 10:23:32 GMT+0300 (Arab Standard Time)
[debug] [2017-12-12T07:23:33.399Z] <<< HTTP RESPONSE 200
[debug] [2017-12-12T07:23:35.399Z] >>> HTTP REQUEST GET https://cloudfunctions.googleapis.com/v1/operations/eGZhYi1kb3dudGltZS91cy1jZW50cmFsMS9oZWxsbzIvaWxKSm00ZWFEQ2c  
  
 Tue Dec 12 2017 10:23:35 GMT+0300 (Arab Standard Time)
[debug] [2017-12-12T07:23:35.971Z] <<< HTTP RESPONSE 200
[debug] [2017-12-12T07:23:37.971Z] >>> HTTP REQUEST GET https://cloudfunctions.googleapis.com/v1/operations/eGZhYi1kb3dudGltZS91cy1jZW50cmFsMS9oZWxsbzIvaWxKSm00ZWFEQ2c  
  
 Tue Dec 12 2017 10:23:37 GMT+0300 (Arab Standard Time)
[debug] [2017-12-12T07:23:38.524Z] <<< HTTP RESPONSE 200
[debug] [2017-12-12T07:23:40.524Z] >>> HTTP REQUEST GET https://cloudfunctions.googleapis.com/v1/operations/eGZhYi1kb3dudGltZS91cy1jZW50cmFsMS9oZWxsbzIvaWxKSm00ZWFEQ2c  
  
 Tue Dec 12 2017 10:23:40 GMT+0300 (Arab Standard Time)
[debug] [2017-12-12T07:23:41.108Z] <<< HTTP RESPONSE 200
[debug] [2017-12-12T07:23:43.110Z] >>> HTTP REQUEST GET https://cloudfunctions.googleapis.com/v1/operations/eGZhYi1kb3dudGltZS91cy1jZW50cmFsMS9oZWxsbzIvaWxKSm00ZWFEQ2c  
  
 Tue Dec 12 2017 10:23:43 GMT+0300 (Arab Standard Time)
[debug] [2017-12-12T07:23:43.673Z] <<< HTTP RESPONSE 200
[debug] [2017-12-12T07:23:45.673Z] >>> HTTP REQUEST GET https://cloudfunctions.googleapis.com/v1/operations/eGZhYi1kb3dudGltZS91cy1jZW50cmFsMS9oZWxsbzIvaWxKSm00ZWFEQ2c  
  
 Tue Dec 12 2017 10:23:45 GMT+0300 (Arab Standard Time)
[debug] [2017-12-12T07:23:46.254Z] <<< HTTP RESPONSE 200
[debug] [2017-12-12T07:23:48.255Z] >>> HTTP REQUEST GET https://cloudfunctions.googleapis.com/v1/operations/eGZhYi1kb3dudGltZS91cy1jZW50cmFsMS9oZWxsbzIvaWxKSm00ZWFEQ2c  
  
 Tue Dec 12 2017 10:23:48 GMT+0300 (Arab Standard Time)
[debug] [2017-12-12T07:23:48.859Z] <<< HTTP RESPONSE 200
[debug] [2017-12-12T07:23:50.860Z] >>> HTTP REQUEST GET https://cloudfunctions.googleapis.com/v1/operations/eGZhYi1kb3dudGltZS91cy1jZW50cmFsMS9oZWxsbzIvaWxKSm00ZWFEQ2c  
  
 Tue Dec 12 2017 10:23:50 GMT+0300 (Arab Standard Time)
[debug] [2017-12-12T07:23:51.424Z] <<< HTTP RESPONSE 200
[debug] [2017-12-12T07:23:53.424Z] >>> HTTP REQUEST GET https://cloudfunctions.googleapis.com/v1/operations/eGZhYi1kb3dudGltZS91cy1jZW50cmFsMS9oZWxsbzIvaWxKSm00ZWFEQ2c  
  
 Tue Dec 12 2017 10:23:53 GMT+0300 (Arab Standard Time)
[debug] [2017-12-12T07:23:54.004Z] <<< HTTP RESPONSE 200
[debug] [2017-12-12T07:23:56.004Z] >>> HTTP REQUEST GET https://cloudfunctions.googleapis.com/v1/operations/eGZhYi1kb3dudGltZS91cy1jZW50cmFsMS9oZWxsbzIvaWxKSm00ZWFEQ2c  
  
 Tue Dec 12 2017 10:23:56 GMT+0300 (Arab Standard Time)
[debug] [2017-12-12T07:23:56.594Z] <<< HTTP RESPONSE 200
[debug] [2017-12-12T07:23:58.594Z] > refreshing access token with scopes: ["email","https://www.googleapis.com/auth/cloud-platform","https://www.googleapis.com/auth/cloudplatformprojects.readonly","https://www.googleapis.com/auth/firebase","openid"]
[debug] [2017-12-12T07:23:58.594Z] >>> HTTP REQUEST POST https://www.googleapis.com/oauth2/v3/token  
 { refresh_token: '1/Pehw83GyStMYlfgMb4AApc7hyUOgEHvpUDvcHt6HBHY',
  client_id: '563584335869-fgrhgmd47bqnekij5i8b5pr03ho849e6.apps.googleusercontent.com',
  client_secret: 'j9iVZfS8kkCEFUPaAeJV0sAi',
  grant_type: 'refresh_token',
  scope: 'email https://www.googleapis.com/auth/cloud-platform https://www.googleapis.com/auth/cloudplatformprojects.readonly https://www.googleapis.com/auth/firebase openid' } 
 Tue Dec 12 2017 10:23:58 GMT+0300 (Arab Standard Time)
[debug] [2017-12-12T07:23:59.031Z] <<< HTTP RESPONSE 200
[debug] [2017-12-12T07:23:59.034Z] >>> HTTP REQUEST GET https://cloudfunctions.googleapis.com/v1/operations/eGZhYi1kb3dudGltZS91cy1jZW50cmFsMS9oZWxsbzIvaWxKSm00ZWFEQ2c  
  
 Tue Dec 12 2017 10:23:59 GMT+0300 (Arab Standard Time)
[debug] [2017-12-12T07:23:59.599Z] <<< HTTP RESPONSE 200
[debug] [2017-12-12T07:24:01.602Z] >>> HTTP REQUEST GET https://cloudfunctions.googleapis.com/v1/operations/eGZhYi1kb3dudGltZS91cy1jZW50cmFsMS9oZWxsbzIvaWxKSm00ZWFEQ2c  
  
 Tue Dec 12 2017 10:24:01 GMT+0300 (Arab Standard Time)
[debug] [2017-12-12T07:24:02.198Z] <<< HTTP RESPONSE 200
[debug] [2017-12-12T07:24:04.198Z] >>> HTTP REQUEST GET https://cloudfunctions.googleapis.com/v1/operations/eGZhYi1kb3dudGltZS91cy1jZW50cmFsMS9oZWxsbzIvaWxKSm00ZWFEQ2c  
  
 Tue Dec 12 2017 10:24:04 GMT+0300 (Arab Standard Time)
[debug] [2017-12-12T07:24:04.768Z] <<< HTTP RESPONSE 200
[debug] [2017-12-12T07:24:06.768Z] >>> HTTP REQUEST GET https://cloudfunctions.googleapis.com/v1/operations/eGZhYi1kb3dudGltZS91cy1jZW50cmFsMS9oZWxsbzIvaWxKSm00ZWFEQ2c  
  
 Tue Dec 12 2017 10:24:06 GMT+0300 (Arab Standard Time)
[debug] [2017-12-12T07:24:07.311Z] <<< HTTP RESPONSE 200
[debug] [2017-12-12T07:24:09.312Z] >>> HTTP REQUEST GET https://cloudfunctions.googleapis.com/v1/operations/eGZhYi1kb3dudGltZS91cy1jZW50cmFsMS9oZWxsbzIvaWxKSm00ZWFEQ2c  
  
 Tue Dec 12 2017 10:24:09 GMT+0300 (Arab Standard Time)
[debug] [2017-12-12T07:24:09.893Z] <<< HTTP RESPONSE 200
[debug] [2017-12-12T07:24:11.894Z] >>> HTTP REQUEST GET https://cloudfunctions.googleapis.com/v1/operations/eGZhYi1kb3dudGltZS91cy1jZW50cmFsMS9oZWxsbzIvaWxKSm00ZWFEQ2c  
  
 Tue Dec 12 2017 10:24:11 GMT+0300 (Arab Standard Time)
[debug] [2017-12-12T07:24:12.455Z] <<< HTTP RESPONSE 200
[debug] [2017-12-12T07:24:14.456Z] >>> HTTP REQUEST GET https://cloudfunctions.googleapis.com/v1/operations/eGZhYi1kb3dudGltZS91cy1jZW50cmFsMS9oZWxsbzIvaWxKSm00ZWFEQ2c  
  
 Tue Dec 12 2017 10:24:14 GMT+0300 (Arab Standard Time)
[debug] [2017-12-12T07:24:15.014Z] <<< HTTP RESPONSE 200
[debug] [2017-12-12T07:24:17.015Z] >>> HTTP REQUEST GET https://cloudfunctions.googleapis.com/v1/operations/eGZhYi1kb3dudGltZS91cy1jZW50cmFsMS9oZWxsbzIvaWxKSm00ZWFEQ2c  
  
 Tue Dec 12 2017 10:24:17 GMT+0300 (Arab Standard Time)
[debug] [2017-12-12T07:24:17.583Z] <<< HTTP RESPONSE 200
[debug] [2017-12-12T07:24:19.584Z] >>> HTTP REQUEST GET https://cloudfunctions.googleapis.com/v1/operations/eGZhYi1kb3dudGltZS91cy1jZW50cmFsMS9oZWxsbzIvaWxKSm00ZWFEQ2c  
  
 Tue Dec 12 2017 10:24:19 GMT+0300 (Arab Standard Time)
[debug] [2017-12-12T07:24:20.166Z] <<< HTTP RESPONSE 200
[debug] [2017-12-12T07:24:22.166Z] >>> HTTP REQUEST GET https://cloudfunctions.googleapis.com/v1/operations/eGZhYi1kb3dudGltZS91cy1jZW50cmFsMS9oZWxsbzIvaWxKSm00ZWFEQ2c  
  
 Tue Dec 12 2017 10:24:22 GMT+0300 (Arab Standard Time)
[debug] [2017-12-12T07:24:22.752Z] <<< HTTP RESPONSE 200
[debug] [2017-12-12T07:24:24.752Z] >>> HTTP REQUEST GET https://cloudfunctions.googleapis.com/v1/operations/eGZhYi1kb3dudGltZS91cy1jZW50cmFsMS9oZWxsbzIvaWxKSm00ZWFEQ2c  
  
 Tue Dec 12 2017 10:24:24 GMT+0300 (Arab Standard Time)
[debug] [2017-12-12T07:24:25.416Z] <<< HTTP RESPONSE 200
[debug] [2017-12-12T07:24:27.416Z] >>> HTTP REQUEST GET https://cloudfunctions.googleapis.com/v1/operations/eGZhYi1kb3dudGltZS91cy1jZW50cmFsMS9oZWxsbzIvaWxKSm00ZWFEQ2c  
  
 Tue Dec 12 2017 10:24:27 GMT+0300 (Arab Standard Time)
[debug] [2017-12-12T07:24:27.985Z] <<< HTTP RESPONSE 200
[debug] [2017-12-12T07:24:29.985Z] >>> HTTP REQUEST GET https://cloudfunctions.googleapis.com/v1/operations/eGZhYi1kb3dudGltZS91cy1jZW50cmFsMS9oZWxsbzIvaWxKSm00ZWFEQ2c  
  
 Tue Dec 12 2017 10:24:29 GMT+0300 (Arab Standard Time)
